{'fatalError': False,
 'maxTotalPoints': 19,
 'messages': [],
 'mode': 'auto',
 'parts': [{'description': '',
            'extraCredit': False,
            'maxPoints': 1,
            'maxSeconds': 1,
            'messages': ["File 'writeup.pdf' does not exist"],
            'name': 'writeupValid',
            'points': 0,
            'seconds': 0},
           {'description': 'Basic test for create_chain_csp',
            'extraCredit': False,
            'maxPoints': 1,
            'maxSeconds': 1,
            'messages': [],
            'name': '0c-1',
            'points': 1,
            'seconds': 0},
           {'description': 'Basic test for create_nqueens_csp for n=8',
            'extraCredit': False,
            'maxPoints': 2,
            'maxSeconds': 1,
            'messages': ['Time limit (1 seconds) exceeded.'],
            'name': '1a-0',
            'points': 0,
            'seconds': 2},
           {'description': 'Basic test for MCV with n-queens CSP',
            'extraCredit': False,
            'maxPoints': 2,
            'maxSeconds': 1,
            'messages': ["Exception thrown: <type 'exceptions.Exception'> -- Not implemented yet",
                         '  File "grader.py", line 57, in test1b\n    mcvSolver.solve(submission.create_nqueens_csp(8), mcv = True)\n',
                         '  File "/home/cleophus/Code/school/CS221/homework6/scheduling/submission.py", line 181, in solve\n    self.backtrack({}, 0, 1)\n',
                         '  File "/home/cleophus/Code/school/CS221/homework6/scheduling/submission.py", line 221, in backtrack\n    var = self.get_unassigned_variable(assignment)\n',
                         '  File "/home/cleophus/Code/school/CS221/homework6/scheduling/submission.py", line 279, in get_unassigned_variable\n    raise Exception("Not implemented yet")\n'],
            'name': '1b-0',
            'points': 0,
            'seconds': 0},
           {'description': 'Basic test for AC-3 with n-queens CSP',
            'extraCredit': False,
            'maxPoints': 2,
            'maxSeconds': 1,
            'messages': ["Exception thrown: <type 'exceptions.Exception'> -- Not implemented yet",
                         '  File "grader.py", line 69, in test1c_0\n    acSolver.solve(submission.create_nqueens_csp(8), ac3 = True)\n',
                         '  File "/home/cleophus/Code/school/CS221/homework6/scheduling/submission.py", line 181, in solve\n    self.backtrack({}, 0, 1)\n',
                         '  File "/home/cleophus/Code/school/CS221/homework6/scheduling/submission.py", line 250, in backtrack\n    self.arc_consistency_check(var)\n',
                         '  File "/home/cleophus/Code/school/CS221/homework6/scheduling/submission.py", line 303, in arc_consistency_check\n    raise Exception("Not implemented yet")\n'],
            'name': '1c-0',
            'points': 0,
            'seconds': 0},
           {'description': 'Basic test for MCV+AC-3 with n-queens CSP',
            'extraCredit': False,
            'maxPoints': 3,
            'maxSeconds': 1,
            'messages': ["Exception thrown: <type 'exceptions.Exception'> -- Not implemented yet",
                         '  File "grader.py", line 78, in test1c_1\n    acSolver.solve(submission.create_nqueens_csp(8), mcv = True, ac3 = True)\n',
                         '  File "/home/cleophus/Code/school/CS221/homework6/scheduling/submission.py", line 181, in solve\n    self.backtrack({}, 0, 1)\n',
                         '  File "/home/cleophus/Code/school/CS221/homework6/scheduling/submission.py", line 221, in backtrack\n    var = self.get_unassigned_variable(assignment)\n',
                         '  File "/home/cleophus/Code/school/CS221/homework6/scheduling/submission.py", line 279, in get_unassigned_variable\n    raise Exception("Not implemented yet")\n'],
            'name': '1c-1',
            'points': 0,
            'seconds': 0},
           {'description': 'Basic test for get_sum_variable',
            'extraCredit': False,
            'maxPoints': 2,
            'maxSeconds': 1,
            'messages': ["Exception thrown: <type 'exceptions.Exception'> -- Not implemented yet",
                         '  File "grader.py", line 99, in test2b_0\n    sumVar = submission.get_sum_variable(csp, \'sum-up-to-15\', [\'A\', \'B\', \'C\'], 15)\n',
                         '  File "/home/cleophus/Code/school/CS221/homework6/scheduling/submission.py", line 331, in get_sum_variable\n    raise Exception("Not implemented yet")\n'],
            'name': '2b-0',
            'points': 0,
            'seconds': 0},
           {'description': 'Basic test for add_quarter_constraints',
            'extraCredit': False,
            'maxPoints': 2,
            'maxSeconds': 2,
            'messages': ["Exception thrown: <type 'exceptions.Exception'> -- Not implemented yet",
                         '  File "grader.py", line 191, in test3a_0\n    cspConstructor.add_quarter_constraints(csp)\n',
                         '  File "/home/cleophus/Code/school/CS221/homework6/scheduling/submission.py", line 422, in add_quarter_constraints\n    raise Exception("Not implemented yet")\n'],
            'name': '3a-0',
            'points': 0,
            'seconds': 0},
           {'description': 'Basic test for add_unit_constraints',
            'extraCredit': False,
            'maxPoints': 3,
            'maxSeconds': 3,
            'messages': ["Exception thrown: <type 'exceptions.Exception'> -- Not implemented yet",
                         '  File "grader.py", line 211, in test3b_0\n    cspConstructor.add_unit_constraints(csp)\n',
                         '  File "/home/cleophus/Code/school/CS221/homework6/scheduling/submission.py", line 499, in add_unit_constraints\n    raise Exception("Not implemented yet")\n'],
            'name': '3b-0',
            'points': 0,
            'seconds': 0},
           {'description': '',
            'extraCredit': False,
            'maxPoints': 1,
            'maxSeconds': 1,
            'messages': ['profile.txt is not valid'],
            'name': 'profile.txt',
            'points': 0,
            'seconds': 0}],
 'totalPoints': 1}
